[33m[nodemon] 1.19.1[39m
[33m[nodemon] to restart at any time, enter `rs`[39m
[33m[nodemon] watching: *.*[39m
[32m[nodemon] starting `node app.js`[39m
events.js:183
      throw er; // Unhandled 'error' event
      ^

Error: EBADF: bad file descriptor, read
[33m[nodemon] 1.19.1[39m
[33m[nodemon] to restart at any time, enter `rs`[39m
[33m[nodemon] watching: *.*[39m
[32m[nodemon] starting `node app.js`[39m
events.js:183
      throw er; // Unhandled 'error' event
      ^

Error: EBADF: bad file descriptor, read
[33m[nodemon] 1.19.1[39m
[33m[nodemon] to restart at any time, enter `rs`[39m
[33m[nodemon] watching: *.*[39m
[32m[nodemon] starting `node app.js`[39m
events.js:183
      throw er; // Unhandled 'error' event
      ^

Error: EBADF: bad file descriptor, read
Server running on port : 80
[0mGET / [36m304 [0m8.882 ms - -[0m
[0mGET / [36m304 [0m0.960 ms - -[0m
[0;36mMongoose:[0m users.find({}, { projection: {} })
[0mGET /api/admin/users [36m304 [0m50.225 ms - -[0m
[0mGET / [36m304 [0m1.714 ms - -[0m
[0mGET / [36m304 [0m1.687 ms - -[0m
[0mGET / [36m304 [0m1.050 ms - -[0m
Server running on port : 80
[0mGET / [36m304 [0m8.463 ms - -[0m
[0mGET / [36m304 [0m1.429 ms - -[0m
[0;36mMongoose:[0m users.find({}, { projection: {} })
[0mGET /api/admin/users [36m304 [0m60.873 ms - -[0m
[33m[nodemon] 1.19.1[39m
[33m[nodemon] to restart at any time, enter `rs`[39m
[33m[nodemon] watching: *.*[39m
[32m[nodemon] starting `node app.js`[39m
events.js:183
      throw er; // Unhandled 'error' event
      ^

Error: EBADF: bad file descriptor, read
[33m[nodemon] 1.19.1[39m
[33m[nodemon] to restart at any time, enter `rs`[39m
[33m[nodemon] watching: *.*[39m
[32m[nodemon] starting `node app.js`[39m
events.js:183
      throw er; // Unhandled 'error' event
      ^

Error: EBADF: bad file descriptor, read
[33m[nodemon] 1.19.1[39m
[33m[nodemon] to restart at any time, enter `rs`[39m
[33m[nodemon] watching: *.*[39m
[32m[nodemon] starting `node app.js`[39m
events.js:183
      throw er; // Unhandled 'error' event
      ^

Error: EBADF: bad file descriptor, read
events.js:183
      throw er; // Unhandled 'error' event
      ^

Error: listen EADDRINUSE :::80
    at Object._errnoException (util.js:1022:11)
    at _exceptionWithHostPort (util.js:1044:20)
    at Server.setupListenHandle [as _listen2] (net.js:1367:14)
    at listenInCluster (net.js:1408:12)
    at Server.listen (net.js:1492:7)
    at Function.listen (/root/recyclers_api/node_modules/express/lib/application.js:618:24)
    at Object.<anonymous> (/root/recyclers_api/app.js:47:5)
    at Module._compile (module.js:652:30)
    at Object.Module._extensions..js (module.js:663:10)
    at Module.load (module.js:565:32)
    at tryModuleLoad (module.js:505:12)
    at Function.Module._load (module.js:497:3)
    at Function.Module.runMain (module.js:693:10)
    at startup (bootstrap_node.js:188:16)
    at bootstrap_node.js:609:3
events.js:183
      throw er; // Unhandled 'error' event
      ^

Error: listen EADDRINUSE :::80
    at Object._errnoException (util.js:1022:11)
    at _exceptionWithHostPort (util.js:1044:20)
    at Server.setupListenHandle [as _listen2] (net.js:1367:14)
    at listenInCluster (net.js:1408:12)
    at Server.listen (net.js:1492:7)
    at Function.listen (/root/recyclers_api/node_modules/express/lib/application.js:618:24)
    at Object.<anonymous> (/root/recyclers_api/app.js:47:5)
    at Module._compile (module.js:652:30)
    at Object.Module._extensions..js (module.js:663:10)
    at Module.load (module.js:565:32)
    at tryModuleLoad (module.js:505:12)
    at Function.Module._load (module.js:497:3)
    at Function.Module.runMain (module.js:693:10)
    at startup (bootstrap_node.js:188:16)
    at bootstrap_node.js:609:3
[0;36mMongoose:[0m products.find({}, { projection: {} })
[0mGET /api/admin/products [36m304 [0m23.465 ms - -[0m
[0mGET /products/5d1fce5ecfc0c56b0345152d/b76a65976a5d76f5c0767e0cd23a4a74.png [36m304 [0m1.494 ms - -[0m
events.js:183
      throw er; // Unhandled 'error' event
      ^

Error: listen EADDRINUSE :::80
    at Object._errnoException (util.js:1022:11)
    at _exceptionWithHostPort (util.js:1044:20)
    at Server.setupListenHandle [as _listen2] (net.js:1367:14)
    at listenInCluster (net.js:1408:12)
    at Server.listen (net.js:1492:7)
    at Function.listen (/root/recyclers_api/node_modules/express/lib/application.js:618:24)
    at Object.<anonymous> (/root/recyclers_api/app.js:47:5)
    at Module._compile (module.js:652:30)
    at Object.Module._extensions..js (module.js:663:10)
    at Module.load (module.js:565:32)
    at tryModuleLoad (module.js:505:12)
    at Function.Module._load (module.js:497:3)
    at Function.Module.runMain (module.js:693:10)
    at startup (bootstrap_node.js:188:16)
    at bootstrap_node.js:609:3
[0;36mMongoose:[0m products.find({}, { projection: {} })
[0mGET /api/admin/products [36m304 [0m22.932 ms - -[0m
[33m[nodemon] 1.19.1[39m
[33m[nodemon] to restart at any time, enter `rs`[39m
[33m[nodemon] watching: *.*[39m
[32m[nodemon] starting `node app.js`[39m
events.js:183
      throw er; // Unhandled 'error' event
      ^

Error: EBADF: bad file descriptor, read
[0;36mMongoose:[0m products.find({}, { projection: {} })
[0mGET /api/admin/products [36m304 [0m21.949 ms - -[0m
[0;36mMongoose:[0m users.find({}, { projection: {} })
[0mGET /api/admin/users [36m304 [0m22.306 ms - -[0m
[33m[nodemon] 1.19.1[39m
[33m[nodemon] to restart at any time, enter `rs`[39m
[33m[nodemon] watching: *.*[39m
[32m[nodemon] starting `node app.js`[39m
events.js:183
      throw er; // Unhandled 'error' event
      ^

Error: EBADF: bad file descriptor, read
[0;36mMongoose:[0m users.find({}, { projection: {} })
[0mGET /api/admin/users [36m304 [0m30.493 ms - -[0m
[0;36mMongoose:[0m users.find({}, { projection: {} })
[0mGET /api/admin/users [36m304 [0m27.012 ms - -[0m
[33m[nodemon] 1.19.1[39m
[33m[nodemon] to restart at any time, enter `rs`[39m
[33m[nodemon] watching: *.*[39m
[32m[nodemon] starting `node app.js`[39m
events.js:183
      throw er; // Unhandled 'error' event
      ^

Error: EBADF: bad file descriptor, read
